<?xml version="1.0" encoding="utf-8"?><testsuites name="pytest tests"><testsuite name="pytest" errors="0" failures="0" skipped="0" tests="29" time="3.853" timestamp="2026-09-19T10:40:32.548959+00:00" hostname="agent-env-deeddab8-8788-490c-adac-3666620914ad"><testcase classname="tests.backend_test.TestMatches" name="test_create_match_defaults" time="0.254" /><testcase classname="tests.backend_test.TestEvents" name="test_goal_event" time="0.308" /><testcase classname="tests.backend_test.TestMatches" name="test_create_match_with_category[Alev\xedn-30]" time="0.173" /><testcase classname="tests.backend_test.TestEvents" name="test_card_yellow_event" time="0.165" /><testcase classname="tests.backend_test.TestMatches" name="test_create_match_with_category[Infantil-35]" time="0.130" /><testcase classname="tests.backend_test.TestEvents" name="test_card_red_event" time="0.162" /><testcase classname="tests.backend_test.TestMatches" name="test_create_match_with_category[Cadete-40]" time="0.131" /><testcase classname="tests.backend_test.TestMatches" name="test_create_match_with_category[Juvenil-45]" time="0.171" /><testcase classname="tests.backend_test.TestEvents" name="test_card_double_yellow_reason" time="0.335" /><testcase classname="tests.backend_test.TestMatches" name="test_create_match_with_category[Aficionado-45]" time="0.130" /><testcase classname="tests.backend_test.TestEvents" name="test_substitution_event" time="0.157" /><testcase classname="tests.backend_test.TestMatches" name="test_get_match" time="0.130" /><testcase classname="tests.backend_test.TestMatches" name="test_get_match_not_found" time="0.065" /><testcase classname="tests.backend_test.TestEvents" name="test_list_events_ordered" time="0.349" /><testcase classname="tests.backend_test.TestMatches" name="test_finish_match" time="0.197" /><testcase classname="tests.backend_test.TestMatches" name="test_finish_match_not_found" time="0.106" /><testcase classname="tests.backend_test.TestEvents" name="test_event_on_missing_match" time="0.060" /><testcase classname="tests.backend_test.TestMatches" name="test_list_finished_only_and_ordering" time="0.475" /><testcase classname="tests.backend_test.TestEvents" name="test_invalid_event_type" time="0.157" /><testcase classname="tests.backend_test.TestEvents" name="test_invalid_card_color" time="0.117" /><testcase classname="tests.backend_test.TestEvents" name="test_invalid_team" time="0.115" /><testcase classname="tests.backend_test.TestHealth" name="test_root" time="0.056" /><testcase classname="tests.backend_test.TestMatches" name="test_finish_does_not_delete_events" time="0.501" /><testcase classname="tests.backend_test.TestPairing" name="test_create_returns_6_digit_pair_code" time="0.063" /><testcase classname="tests.backend_test.TestPairing" name="test_create_persists_lineup_enabled_and_lineups" time="0.129" /><testcase classname="tests.backend_test.TestPairing" name="test_get_by_code_returns_active_match" time="0.130" /><testcase classname="tests.backend_test.TestPairing" name="test_get_by_code_404_when_missing" time="0.067" /><testcase classname="tests.backend_test.TestPairing" name="test_get_by_code_404_when_finished" time="0.265" /><testcase classname="tests.backend_test.TestPairing" name="test_get_by_code_returns_latest_active" time="0.195" /></testsuite></testsuites>