<?xml version="1.0" encoding="utf-8"?><testsuites name="pytest tests"><testsuite name="pytest" errors="0" failures="0" skipped="0" tests="23" time="3.512" timestamp="2026-09-18T17:17:25.846009+00:00" hostname="agent-env-deeddab8-8788-490c-adac-3666620914ad"><testcase classname="tests.backend_test.TestMatches" name="test_create_match_defaults" time="0.282" /><testcase classname="tests.backend_test.TestMatches" name="test_create_match_with_category[Alev\xedn-30]" time="0.175" /><testcase classname="tests.backend_test.TestEvents" name="test_goal_event" time="0.381" /><testcase classname="tests.backend_test.TestMatches" name="test_create_match_with_category[Infantil-35]" time="0.224" /><testcase classname="tests.backend_test.TestEvents" name="test_card_yellow_event" time="0.249" /><testcase classname="tests.backend_test.TestMatches" name="test_create_match_with_category[Cadete-40]" time="0.220" /><testcase classname="tests.backend_test.TestEvents" name="test_card_red_event" time="0.190" /><testcase classname="tests.backend_test.TestEvents" name="test_card_double_yellow_reason" time="0.553" /><testcase classname="tests.backend_test.TestMatches" name="test_create_match_with_category[Juvenil-45]" time="0.171" /><testcase classname="tests.backend_test.TestMatches" name="test_create_match_with_category[Aficionado-45]" time="0.237" /><testcase classname="tests.backend_test.TestMatches" name="test_get_match" time="0.154" /><testcase classname="tests.backend_test.TestMatches" name="test_get_match_not_found" time="0.076" /><testcase classname="tests.backend_test.TestEvents" name="test_substitution_event" time="0.265" /><testcase classname="tests.backend_test.TestMatches" name="test_finish_match" time="0.313" /><testcase classname="tests.backend_test.TestEvents" name="test_list_events_ordered" time="0.631" /><testcase classname="tests.backend_test.TestMatches" name="test_finish_match_not_found" time="0.083" /><testcase classname="tests.backend_test.TestMatches" name="test_list_finished_only_and_ordering" time="0.552" /><testcase classname="tests.backend_test.TestEvents" name="test_event_on_missing_match" time="0.082" /><testcase classname="tests.backend_test.TestEvents" name="test_invalid_event_type" time="0.236" /><testcase classname="tests.backend_test.TestMatches" name="test_finish_does_not_delete_events" time="0.641" /><testcase classname="tests.backend_test.TestEvents" name="test_invalid_card_color" time="0.219" /><testcase classname="tests.backend_test.TestEvents" name="test_invalid_team" time="0.253" /><testcase classname="tests.backend_test.TestHealth" name="test_root" time="0.076" /></testsuite></testsuites>